# Server version 0.05 running on mouhyi-laptop:8126
# Game ID: 9
# Board class: odd.OddBoard
# Timeout: 5000
# Date: Fri Apr 19 01:38:01 EDT 2013
# Player 1: Player1, 'UCT', running on localhost
# Player 2: Player2, 'UCTRAVE', running on localhost
START Player1 UCT
START Player2 UCTRAVE
1 WHITE -2 -1
2 BLACK 1 -3
1 WHITE 3 -1
2 WHITE -4 -4
1 WHITE -2 -3
2 BLACK 0 -3
1 WHITE -1 0
2 BLACK 3 0
1 BLACK 0 -2
2 WHITE 2 -1
GAMEOVER TIMEOUT Player1
WINNER Player2
# Game ended: Fri Apr 19 01:38:47 EDT 2013
