# Server version 0.05 running on mouhyi-laptop:8123
# Game ID: 2
# Board class: odd.OddBoard
# Timeout: 5000
# Date: Thu Apr 18 16:19:59 EDT 2013
# Player 1: Player1, 'UCT', running on localhost
# Player 2: Player2, 'MTDPlayer', running on localhost
START Player1 UCT
START Player2 MTDPlayer
1 WHITE -1 -4
2 BLACK 2 2
1 BLACK -2 2
2 BLACK -1 1
1 BLACK -3 -3
2 BLACK -4 -1
1 WHITE -1 3
2 BLACK 4 3
1 WHITE 1 2
2 BLACK 4 1
1 BLACK -4 0
2 BLACK 0 -2
1 BLACK -1 -2
2 WHITE 0 -1
1 BLACK -2 -1
2 BLACK 1 4
GAMEOVER TIMEOUT Player1
WINNER Player2
# Game ended: Thu Apr 18 16:21:13 EDT 2013
