# Server version 0.05 running on mouhyi-laptop:8123
# Game ID: 7
# Board class: odd.OddBoard
# Timeout: 5000
# Date: Thu Apr 18 17:56:20 EDT 2013
# Player 1: Player1, 'UCT', running on mouhyi-laptop
# Player 2: Player2, 'MTDPlayer', running on localhost
START Player1 UCT
START Player2 MTDPlayer
1 WHITE -1 2
2 BLACK -2 2
1 BLACK 4 1
2 BLACK 3 4
1 BLACK 2 4
2 WHITE 0 -2
1 BLACK -3 1
2 WHITE 1 1
1 BLACK 3 2
2 WHITE -4 -3
1 BLACK -3 -3
2 WHITE -2 -4
1 BLACK 4 0
2 BLACK -1 -1
1 BLACK -3 -4
GAMEOVER TIMEOUT Player2
WINNER Player1
# Game ended: Thu Apr 18 17:57:10 EDT 2013
