# Server version 0.05 running on mouhyi-laptop:8123
# Game ID: 4
# Board class: odd.OddBoard
# Timeout: 5000
# Date: Mon Apr 22 02:06:26 EDT 2013
# Player 1: Player1, 'UCT11', running on localhost
# Player 2: Player2, 'Mouhyi', running on localhost
START Player1 UCT11
START Player2 Mouhyi
1 WHITE 0 -1
2 WHITE 1 -3
1 BLACK -3 -3
2 BLACK 2 -2
1 WHITE -3 1
2 BLACK -1 2
1 WHITE 1 0
2 WHITE -2 0
1 WHITE -4 -3
2 BLACK 2 0
1 WHITE 0 2
2 BLACK -2 -2
1 WHITE 3 0
2 BLACK 0 3
1 WHITE 3 1
2 BLACK 1 -1
1 BLACK -1 -3
2 WHITE 0 -2
1 WHITE 3 -1
2 BLACK 2 1
1 WHITE 2 -1
2 BLACK 0 0
1 WHITE 1 -2
2 WHITE 1 3
1 BLACK 2 4
GAMEOVER TIMEOUT Player2
WINNER Player1
# Game ended: Mon Apr 22 02:07:56 EDT 2013
