# Server version 0.05 running on mouhyi-laptop:8123
# Game ID: 2
# Board class: odd.OddBoard
# Timeout: 5000
# Date: Mon Apr 22 02:04:10 EDT 2013
# Player 1: Player1, 'UCT11', running on localhost
# Player 2: Player2, 'Mouhyi', running on localhost
START Player1 UCT11
START Player2 Mouhyi
1 WHITE -1 -1
2 BLACK 2 1
1 WHITE -1 3
2 BLACK 1 -3
1 BLACK 3 4
2 WHITE -2 2
1 BLACK -1 -3
2 WHITE -1 1
1 WHITE -3 0
2 BLACK 3 1
1 WHITE 2 -1
2 WHITE -3 -4
1 WHITE -1 0
2 BLACK 0 -3
1 BLACK 2 2
2 BLACK 3 -1
1 WHITE 2 -2
2 WHITE -2 -3
1 WHITE -4 -2
2 WHITE -1 -2
1 WHITE -3 -2
2 WHITE -1 -4
GAMEOVER TIMEOUT Player1
WINNER Player2
# Game ended: Mon Apr 22 02:05:31 EDT 2013
